<?xml version="1.0" encoding="UTF-8"?>
<testsuite name="com.anxi.webserviceproject.web.HelloControllerTest" tests="2" skipped="0" failures="0" errors="0" timestamp="2023-07-27T17:05:32" hostname="DESKTOP-VNMK92M" time="0.219">
  <properties/>
  <testcase name="hello가_리턴된다()" classname="com.anxi.webserviceproject.web.HelloControllerTest" time="0.111"/>
  <testcase name="helloDto가_리턴된다()" classname="com.anxi.webserviceproject.web.HelloControllerTest" time="0.107"/>
  <system-out><![CDATA[2023-07-28 02:05:31.152  INFO 7952 --- [    Test worker] .b.t.a.w.s.WebMvcTestContextBootstrapper : Neither @ContextConfiguration nor @ContextHierarchy found for test class [com.anxi.webserviceproject.web.HelloControllerTest], using SpringBootContextLoader
2023-07-28 02:05:31.153  INFO 7952 --- [    Test worker] o.s.t.c.support.AbstractContextLoader    : Could not detect default resource locations for test class [com.anxi.webserviceproject.web.HelloControllerTest]: no resource found for suffixes {-context.xml, Context.groovy}.
2023-07-28 02:05:31.153  INFO 7952 --- [    Test worker] t.c.s.AnnotationConfigContextLoaderUtils : Could not detect default configuration classes for test class [com.anxi.webserviceproject.web.HelloControllerTest]: HelloControllerTest does not declare any static, non-private, non-final, nested classes annotated with @Configuration.
2023-07-28 02:05:31.176  INFO 7952 --- [    Test worker] .b.t.c.SpringBootTestContextBootstrapper : Found @SpringBootConfiguration com.anxi.webserviceproject.WebserviceProjectApplication for test class com.anxi.webserviceproject.web.HelloControllerTest
2023-07-28 02:05:31.177  INFO 7952 --- [    Test worker] .b.t.a.w.s.WebMvcTestContextBootstrapper : Loaded default TestExecutionListener class names from location [META-INF/spring.factories]: [org.springframework.security.test.context.support.WithSecurityContextTestExecutionListener, org.springframework.security.test.context.support.ReactorContextTestExecutionListener, org.springframework.boot.test.autoconfigure.restdocs.RestDocsTestExecutionListener, org.springframework.boot.test.autoconfigure.web.client.MockRestServiceServerResetTestExecutionListener, org.springframework.boot.test.autoconfigure.web.servlet.MockMvcPrintOnlyOnFailureTestExecutionListener, org.springframework.boot.test.autoconfigure.web.servlet.WebDriverTestExecutionListener, org.springframework.boot.test.autoconfigure.webservices.client.MockWebServiceServerTestExecutionListener, org.springframework.boot.test.mock.mockito.MockitoTestExecutionListener, org.springframework.boot.test.mock.mockito.ResetMocksTestExecutionListener, org.springframework.test.context.web.ServletTestExecutionListener, org.springframework.test.context.support.DirtiesContextBeforeModesTestExecutionListener, org.springframework.test.context.support.DependencyInjectionTestExecutionListener, org.springframework.test.context.support.DirtiesContextTestExecutionListener, org.springframework.test.context.transaction.TransactionalTestExecutionListener, org.springframework.test.context.jdbc.SqlScriptsTestExecutionListener, org.springframework.test.context.event.EventPublishingTestExecutionListener]
2023-07-28 02:05:31.179  INFO 7952 --- [    Test worker] .b.t.a.w.s.WebMvcTestContextBootstrapper : Using TestExecutionListeners: [org.springframework.test.context.web.ServletTestExecutionListener@65762c0d, org.springframework.test.context.support.DirtiesContextBeforeModesTestExecutionListener@7ffb04de, org.springframework.boot.test.mock.mockito.MockitoTestExecutionListener@1b0e5d50, org.springframework.boot.test.autoconfigure.SpringBootDependencyInjectionTestExecutionListener@5d7e9a19, org.springframework.test.context.support.DirtiesContextTestExecutionListener@9bcd3ff, org.springframework.test.context.transaction.TransactionalTestExecutionListener@2e46fbe2, org.springframework.test.context.jdbc.SqlScriptsTestExecutionListener@47cbc7a7, org.springframework.security.test.context.support.WithSecurityContextTestExecutionListener@6e4c3315, org.springframework.test.context.event.EventPublishingTestExecutionListener@1803608, org.springframework.security.test.context.support.ReactorContextTestExecutionListener@18005431, org.springframework.boot.test.autoconfigure.restdocs.RestDocsTestExecutionListener@1ef4e69, org.springframework.boot.test.autoconfigure.web.client.MockRestServiceServerResetTestExecutionListener@e3411da, org.springframework.boot.test.autoconfigure.web.servlet.MockMvcPrintOnlyOnFailureTestExecutionListener@e844662, org.springframework.boot.test.autoconfigure.web.servlet.WebDriverTestExecutionListener@14bf3a5f, org.springframework.boot.test.autoconfigure.webservices.client.MockWebServiceServerTestExecutionListener@6fd8b2a7, org.springframework.boot.test.mock.mockito.ResetMocksTestExecutionListener@414cc447]

  .   ____          _            __ _ _
 /\\ / ___'_ __ _ _(_)_ __  __ _ \ \ \ \
( ( )\___ | '_ | '_| | '_ \/ _` | \ \ \ \
 \\/  ___)| |_)| | | | | || (_| |  ) ) ) )
  '  |____| .__|_| |_|_| |_\__, | / / / /
 =========|_|==============|___/=/_/_/_/
 :: Spring Boot ::                (v2.4.1)

2023-07-28 02:05:31.210  INFO 7952 --- [    Test worker] c.a.w.web.HelloControllerTest            : Starting HelloControllerTest using Java 1.8.0_381 on DESKTOP-VNMK92M with PID 7952 (started by Anxi in C:\Users\tjdal\OneDrive\바탕 화면\git\spring-study\study-springboot\webservice-project)
2023-07-28 02:05:31.211  INFO 7952 --- [    Test worker] c.a.w.web.HelloControllerTest            : No active profile set, falling back to default profiles: default
2023-07-28 02:05:31.667  INFO 7952 --- [    Test worker] o.s.s.concurrent.ThreadPoolTaskExecutor  : Initializing ExecutorService 'applicationTaskExecutor'
2023-07-28 02:05:31.712  INFO 7952 --- [    Test worker] o.s.b.a.w.s.WelcomePageHandlerMapping    : Adding welcome page template: index
2023-07-28 02:05:32.156  INFO 7952 --- [    Test worker] o.s.s.web.DefaultSecurityFilterChain     : Will secure any request with [org.springframework.security.web.context.request.async.WebAsyncManagerIntegrationFilter@3ed632fe, org.springframework.security.web.context.SecurityContextPersistenceFilter@63459fc, org.springframework.security.web.header.HeaderWriterFilter@38cc29eb, org.springframework.security.web.csrf.CsrfFilter@3f966efe, org.springframework.security.web.authentication.logout.LogoutFilter@2b907c89, org.springframework.security.oauth2.client.web.OAuth2AuthorizationRequestRedirectFilter@37c0fc06, org.springframework.security.oauth2.client.web.OAuth2AuthorizationRequestRedirectFilter@705c3075, org.springframework.security.oauth2.client.web.OAuth2LoginAuthenticationFilter@68b10575, org.springframework.security.web.authentication.ui.DefaultLoginPageGeneratingFilter@7299ab2e, org.springframework.security.web.authentication.ui.DefaultLogoutPageGeneratingFilter@2e82d466, org.springframework.security.web.savedrequest.RequestCacheAwareFilter@68862ac7, org.springframework.security.web.servletapi.SecurityContextHolderAwareRequestFilter@315cc54d, org.springframework.security.web.authentication.AnonymousAuthenticationFilter@fcb4eeb, org.springframework.security.oauth2.client.web.OAuth2AuthorizationCodeGrantFilter@8d537ba, org.springframework.security.web.session.SessionManagementFilter@34a15192, org.springframework.security.web.access.ExceptionTranslationFilter@7ba2bfd2, org.springframework.security.web.access.intercept.FilterSecurityInterceptor@44db85cb]
2023-07-28 02:05:32.288  INFO 7952 --- [    Test worker] o.s.b.t.m.w.SpringBootMockServletContext : Initializing Spring TestDispatcherServlet ''
2023-07-28 02:05:32.289  INFO 7952 --- [    Test worker] o.s.t.web.servlet.TestDispatcherServlet  : Initializing Servlet ''
2023-07-28 02:05:32.289  INFO 7952 --- [    Test worker] o.s.t.web.servlet.TestDispatcherServlet  : Completed initialization in 0 ms
2023-07-28 02:05:32.309  INFO 7952 --- [    Test worker] c.a.w.web.HelloControllerTest            : Started HelloControllerTest in 1.127 seconds (JVM running for 9.938)
]]></system-out>
  <system-err><![CDATA[]]></system-err>
</testsuite>
