<?xml version="1.0" encoding="UTF-8"?>
<testsuite name="com.anxi.webserviceproject.web.PostsApiControllerTest" tests="2" skipped="0" failures="0" errors="0" timestamp="2023-07-25T18:14:21" hostname="DESKTOP-VNMK92M" time="0.214">
  <properties/>
  <testcase name="Posts_등록된다()" classname="com.anxi.webserviceproject.web.PostsApiControllerTest" time="0.184"/>
  <testcase name="Posts_수정된다()" classname="com.anxi.webserviceproject.web.PostsApiControllerTest" time="0.028"/>
  <system-out><![CDATA[2023-07-26 03:14:21.814  INFO 4368 --- [    Test worker] .b.t.c.SpringBootTestContextBootstrapper : Neither @ContextConfiguration nor @ContextHierarchy found for test class [com.anxi.webserviceproject.web.PostsApiControllerTest], using SpringBootContextLoader
2023-07-26 03:14:21.815  INFO 4368 --- [    Test worker] o.s.t.c.support.AbstractContextLoader    : Could not detect default resource locations for test class [com.anxi.webserviceproject.web.PostsApiControllerTest]: no resource found for suffixes {-context.xml, Context.groovy}.
2023-07-26 03:14:21.815  INFO 4368 --- [    Test worker] t.c.s.AnnotationConfigContextLoaderUtils : Could not detect default configuration classes for test class [com.anxi.webserviceproject.web.PostsApiControllerTest]: PostsApiControllerTest does not declare any static, non-private, non-final, nested classes annotated with @Configuration.
2023-07-26 03:14:21.818  INFO 4368 --- [    Test worker] .b.t.c.SpringBootTestContextBootstrapper : Found @SpringBootConfiguration com.anxi.webserviceproject.WebserviceProjectApplication for test class com.anxi.webserviceproject.web.PostsApiControllerTest
2023-07-26 03:14:21.820  INFO 4368 --- [    Test worker] .b.t.c.SpringBootTestContextBootstrapper : Loaded default TestExecutionListener class names from location [META-INF/spring.factories]: [org.springframework.boot.test.autoconfigure.restdocs.RestDocsTestExecutionListener, org.springframework.boot.test.autoconfigure.web.client.MockRestServiceServerResetTestExecutionListener, org.springframework.boot.test.autoconfigure.web.servlet.MockMvcPrintOnlyOnFailureTestExecutionListener, org.springframework.boot.test.autoconfigure.web.servlet.WebDriverTestExecutionListener, org.springframework.boot.test.autoconfigure.webservices.client.MockWebServiceServerTestExecutionListener, org.springframework.boot.test.mock.mockito.MockitoTestExecutionListener, org.springframework.boot.test.mock.mockito.ResetMocksTestExecutionListener, org.springframework.test.context.web.ServletTestExecutionListener, org.springframework.test.context.support.DirtiesContextBeforeModesTestExecutionListener, org.springframework.test.context.support.DependencyInjectionTestExecutionListener, org.springframework.test.context.support.DirtiesContextTestExecutionListener, org.springframework.test.context.transaction.TransactionalTestExecutionListener, org.springframework.test.context.jdbc.SqlScriptsTestExecutionListener, org.springframework.test.context.event.EventPublishingTestExecutionListener]
2023-07-26 03:14:21.821  INFO 4368 --- [    Test worker] .b.t.c.SpringBootTestContextBootstrapper : Using TestExecutionListeners: [org.springframework.test.context.web.ServletTestExecutionListener@66d73222, org.springframework.test.context.support.DirtiesContextBeforeModesTestExecutionListener@1e596be4, org.springframework.boot.test.mock.mockito.MockitoTestExecutionListener@10e60311, org.springframework.boot.test.autoconfigure.SpringBootDependencyInjectionTestExecutionListener@5d403b53, org.springframework.test.context.support.DirtiesContextTestExecutionListener@25954fb, org.springframework.test.context.transaction.TransactionalTestExecutionListener@570a191f, org.springframework.test.context.jdbc.SqlScriptsTestExecutionListener@77d46664, org.springframework.test.context.event.EventPublishingTestExecutionListener@2b12516e, org.springframework.boot.test.autoconfigure.restdocs.RestDocsTestExecutionListener@6324267b, org.springframework.boot.test.autoconfigure.web.client.MockRestServiceServerResetTestExecutionListener@64e119e1, org.springframework.boot.test.autoconfigure.web.servlet.MockMvcPrintOnlyOnFailureTestExecutionListener@30d2a45f, org.springframework.boot.test.autoconfigure.web.servlet.WebDriverTestExecutionListener@9f21a0a, org.springframework.boot.test.autoconfigure.webservices.client.MockWebServiceServerTestExecutionListener@4b27e2b1, org.springframework.boot.test.mock.mockito.ResetMocksTestExecutionListener@27e5d425]
Hibernate: insert into posts (created_date, modified_date, author, content, title) values (?, ?, ?, ?, ?)
Hibernate: select posts0_.id as id1_0_, posts0_.created_date as created_2_0_, posts0_.modified_date as modified3_0_, posts0_.author as author4_0_, posts0_.content as content5_0_, posts0_.title as title6_0_ from posts posts0_
Hibernate: select posts0_.id as id1_0_, posts0_.created_date as created_2_0_, posts0_.modified_date as modified3_0_, posts0_.author as author4_0_, posts0_.content as content5_0_, posts0_.title as title6_0_ from posts posts0_
Hibernate: delete from posts where id=?
Hibernate: insert into posts (created_date, modified_date, author, content, title) values (?, ?, ?, ?, ?)
Hibernate: select posts0_.id as id1_0_0_, posts0_.created_date as created_2_0_0_, posts0_.modified_date as modified3_0_0_, posts0_.author as author4_0_0_, posts0_.content as content5_0_0_, posts0_.title as title6_0_0_ from posts posts0_ where posts0_.id=?
Hibernate: update posts set created_date=?, modified_date=?, author=?, content=?, title=? where id=?
Hibernate: select posts0_.id as id1_0_, posts0_.created_date as created_2_0_, posts0_.modified_date as modified3_0_, posts0_.author as author4_0_, posts0_.content as content5_0_, posts0_.title as title6_0_ from posts posts0_
Hibernate: select posts0_.id as id1_0_, posts0_.created_date as created_2_0_, posts0_.modified_date as modified3_0_, posts0_.author as author4_0_, posts0_.content as content5_0_, posts0_.title as title6_0_ from posts posts0_
Hibernate: delete from posts where id=?
]]></system-out>
  <system-err><![CDATA[]]></system-err>
</testsuite>
