<?xml version="1.0" encoding="UTF-8"?>
<testsuite name="com.anxi.webserviceproject.WebserviceProjectApplicationTests" tests="1" skipped="0" failures="0" errors="0" timestamp="2023-07-27T17:05:35" hostname="DESKTOP-VNMK92M" time="0.005">
  <properties/>
  <testcase name="contextLoads()" classname="com.anxi.webserviceproject.WebserviceProjectApplicationTests" time="0.005"/>
  <system-out><![CDATA[2023-07-28 02:05:35.050  INFO 7952 --- [    Test worker] .b.t.c.SpringBootTestContextBootstrapper : Neither @ContextConfiguration nor @ContextHierarchy found for test class [com.anxi.webserviceproject.WebserviceProjectApplicationTests], using SpringBootContextLoader
2023-07-28 02:05:35.052  INFO 7952 --- [    Test worker] o.s.t.c.support.AbstractContextLoader    : Could not detect default resource locations for test class [com.anxi.webserviceproject.WebserviceProjectApplicationTests]: no resource found for suffixes {-context.xml, Context.groovy}.
2023-07-28 02:05:35.052  INFO 7952 --- [    Test worker] t.c.s.AnnotationConfigContextLoaderUtils : Could not detect default configuration classes for test class [com.anxi.webserviceproject.WebserviceProjectApplicationTests]: WebserviceProjectApplicationTests does not declare any static, non-private, non-final, nested classes annotated with @Configuration.
2023-07-28 02:05:35.057  INFO 7952 --- [    Test worker] .b.t.c.SpringBootTestContextBootstrapper : Found @SpringBootConfiguration com.anxi.webserviceproject.WebserviceProjectApplication for test class com.anxi.webserviceproject.WebserviceProjectApplicationTests
2023-07-28 02:05:35.059  INFO 7952 --- [    Test worker] .b.t.c.SpringBootTestContextBootstrapper : Loaded default TestExecutionListener class names from location [META-INF/spring.factories]: [org.springframework.security.test.context.support.WithSecurityContextTestExecutionListener, org.springframework.security.test.context.support.ReactorContextTestExecutionListener, org.springframework.boot.test.autoconfigure.restdocs.RestDocsTestExecutionListener, org.springframework.boot.test.autoconfigure.web.client.MockRestServiceServerResetTestExecutionListener, org.springframework.boot.test.autoconfigure.web.servlet.MockMvcPrintOnlyOnFailureTestExecutionListener, org.springframework.boot.test.autoconfigure.web.servlet.WebDriverTestExecutionListener, org.springframework.boot.test.autoconfigure.webservices.client.MockWebServiceServerTestExecutionListener, org.springframework.boot.test.mock.mockito.MockitoTestExecutionListener, org.springframework.boot.test.mock.mockito.ResetMocksTestExecutionListener, org.springframework.test.context.web.ServletTestExecutionListener, org.springframework.test.context.support.DirtiesContextBeforeModesTestExecutionListener, org.springframework.test.context.support.DependencyInjectionTestExecutionListener, org.springframework.test.context.support.DirtiesContextTestExecutionListener, org.springframework.test.context.transaction.TransactionalTestExecutionListener, org.springframework.test.context.jdbc.SqlScriptsTestExecutionListener, org.springframework.test.context.event.EventPublishingTestExecutionListener]
2023-07-28 02:05:35.061  INFO 7952 --- [    Test worker] .b.t.c.SpringBootTestContextBootstrapper : Using TestExecutionListeners: [org.springframework.test.context.web.ServletTestExecutionListener@36fdacf, org.springframework.test.context.support.DirtiesContextBeforeModesTestExecutionListener@58a7d834, org.springframework.boot.test.mock.mockito.MockitoTestExecutionListener@3dfc5e5, org.springframework.boot.test.autoconfigure.SpringBootDependencyInjectionTestExecutionListener@469d49ec, org.springframework.test.context.support.DirtiesContextTestExecutionListener@3b595a52, org.springframework.test.context.transaction.TransactionalTestExecutionListener@5dd94375, org.springframework.test.context.jdbc.SqlScriptsTestExecutionListener@205445c6, org.springframework.security.test.context.support.WithSecurityContextTestExecutionListener@c2aaa09, org.springframework.test.context.event.EventPublishingTestExecutionListener@7d50ea14, org.springframework.security.test.context.support.ReactorContextTestExecutionListener@6a85dc20, org.springframework.boot.test.autoconfigure.restdocs.RestDocsTestExecutionListener@68fdcec3, org.springframework.boot.test.autoconfigure.web.client.MockRestServiceServerResetTestExecutionListener@31de4b37, org.springframework.boot.test.autoconfigure.web.servlet.MockMvcPrintOnlyOnFailureTestExecutionListener@4ba41752, org.springframework.boot.test.autoconfigure.web.servlet.WebDriverTestExecutionListener@f04b6da, org.springframework.boot.test.autoconfigure.webservices.client.MockWebServiceServerTestExecutionListener@989ea2f, org.springframework.boot.test.mock.mockito.ResetMocksTestExecutionListener@4a4d9fda]
]]></system-out>
  <system-err><![CDATA[]]></system-err>
</testsuite>
