<?xml version="1.0" encoding="UTF-8"?>
<testsuite name="com.anxi.webserviceproject.WebserviceProjectApplicationTests" tests="1" skipped="0" failures="0" errors="0" timestamp="2023-07-25T18:14:22" hostname="DESKTOP-VNMK92M" time="0.003">
  <properties/>
  <testcase name="contextLoads()" classname="com.anxi.webserviceproject.WebserviceProjectApplicationTests" time="0.003"/>
  <system-out><![CDATA[2023-07-26 03:14:22.040  INFO 4368 --- [    Test worker] .b.t.c.SpringBootTestContextBootstrapper : Neither @ContextConfiguration nor @ContextHierarchy found for test class [com.anxi.webserviceproject.WebserviceProjectApplicationTests], using SpringBootContextLoader
2023-07-26 03:14:22.041  INFO 4368 --- [    Test worker] o.s.t.c.support.AbstractContextLoader    : Could not detect default resource locations for test class [com.anxi.webserviceproject.WebserviceProjectApplicationTests]: no resource found for suffixes {-context.xml, Context.groovy}.
2023-07-26 03:14:22.041  INFO 4368 --- [    Test worker] t.c.s.AnnotationConfigContextLoaderUtils : Could not detect default configuration classes for test class [com.anxi.webserviceproject.WebserviceProjectApplicationTests]: WebserviceProjectApplicationTests does not declare any static, non-private, non-final, nested classes annotated with @Configuration.
2023-07-26 03:14:22.046  INFO 4368 --- [    Test worker] .b.t.c.SpringBootTestContextBootstrapper : Found @SpringBootConfiguration com.anxi.webserviceproject.WebserviceProjectApplication for test class com.anxi.webserviceproject.WebserviceProjectApplicationTests
2023-07-26 03:14:22.048  INFO 4368 --- [    Test worker] .b.t.c.SpringBootTestContextBootstrapper : Loaded default TestExecutionListener class names from location [META-INF/spring.factories]: [org.springframework.boot.test.autoconfigure.restdocs.RestDocsTestExecutionListener, org.springframework.boot.test.autoconfigure.web.client.MockRestServiceServerResetTestExecutionListener, org.springframework.boot.test.autoconfigure.web.servlet.MockMvcPrintOnlyOnFailureTestExecutionListener, org.springframework.boot.test.autoconfigure.web.servlet.WebDriverTestExecutionListener, org.springframework.boot.test.autoconfigure.webservices.client.MockWebServiceServerTestExecutionListener, org.springframework.boot.test.mock.mockito.MockitoTestExecutionListener, org.springframework.boot.test.mock.mockito.ResetMocksTestExecutionListener, org.springframework.test.context.web.ServletTestExecutionListener, org.springframework.test.context.support.DirtiesContextBeforeModesTestExecutionListener, org.springframework.test.context.support.DependencyInjectionTestExecutionListener, org.springframework.test.context.support.DirtiesContextTestExecutionListener, org.springframework.test.context.transaction.TransactionalTestExecutionListener, org.springframework.test.context.jdbc.SqlScriptsTestExecutionListener, org.springframework.test.context.event.EventPublishingTestExecutionListener]
2023-07-26 03:14:22.048  INFO 4368 --- [    Test worker] .b.t.c.SpringBootTestContextBootstrapper : Using TestExecutionListeners: [org.springframework.test.context.web.ServletTestExecutionListener@3a65e7d0, org.springframework.test.context.support.DirtiesContextBeforeModesTestExecutionListener@1cdb3606, org.springframework.boot.test.mock.mockito.MockitoTestExecutionListener@d5eda8c, org.springframework.boot.test.autoconfigure.SpringBootDependencyInjectionTestExecutionListener@482cbabe, org.springframework.test.context.support.DirtiesContextTestExecutionListener@5d628f0c, org.springframework.test.context.transaction.TransactionalTestExecutionListener@18cce9a0, org.springframework.test.context.jdbc.SqlScriptsTestExecutionListener@63bdca8f, org.springframework.test.context.event.EventPublishingTestExecutionListener@4e69750c, org.springframework.boot.test.autoconfigure.restdocs.RestDocsTestExecutionListener@73a8922, org.springframework.boot.test.autoconfigure.web.client.MockRestServiceServerResetTestExecutionListener@7844e18c, org.springframework.boot.test.autoconfigure.web.servlet.MockMvcPrintOnlyOnFailureTestExecutionListener@7520a5b9, org.springframework.boot.test.autoconfigure.web.servlet.WebDriverTestExecutionListener@70e47f04, org.springframework.boot.test.autoconfigure.webservices.client.MockWebServiceServerTestExecutionListener@23449ba3, org.springframework.boot.test.mock.mockito.ResetMocksTestExecutionListener@7cd346c6]
]]></system-out>
  <system-err><![CDATA[]]></system-err>
</testsuite>
