<?xml version="1.0" encoding="UTF-8"?>
<testsuite name="com.anxi.webserviceproject.web.IndexControllerTest" tests="1" skipped="0" failures="0" errors="0" timestamp="2023-07-25T18:14:21" hostname="DESKTOP-VNMK92M" time="0.251">
  <properties/>
  <testcase name="메인페이지_로딩()" classname="com.anxi.webserviceproject.web.IndexControllerTest" time="0.251"/>
  <system-out><![CDATA[2023-07-26 03:14:19.894  INFO 4368 --- [    Test worker] .b.t.c.SpringBootTestContextBootstrapper : Neither @ContextConfiguration nor @ContextHierarchy found for test class [com.anxi.webserviceproject.web.IndexControllerTest], using SpringBootContextLoader
2023-07-26 03:14:19.896  INFO 4368 --- [    Test worker] o.s.t.c.support.AbstractContextLoader    : Could not detect default resource locations for test class [com.anxi.webserviceproject.web.IndexControllerTest]: no resource found for suffixes {-context.xml, Context.groovy}.
2023-07-26 03:14:19.896  INFO 4368 --- [    Test worker] t.c.s.AnnotationConfigContextLoaderUtils : Could not detect default configuration classes for test class [com.anxi.webserviceproject.web.IndexControllerTest]: IndexControllerTest does not declare any static, non-private, non-final, nested classes annotated with @Configuration.
2023-07-26 03:14:19.900  INFO 4368 --- [    Test worker] .b.t.c.SpringBootTestContextBootstrapper : Found @SpringBootConfiguration com.anxi.webserviceproject.WebserviceProjectApplication for test class com.anxi.webserviceproject.web.IndexControllerTest
2023-07-26 03:14:19.904  INFO 4368 --- [    Test worker] .b.t.c.SpringBootTestContextBootstrapper : Loaded default TestExecutionListener class names from location [META-INF/spring.factories]: [org.springframework.boot.test.autoconfigure.restdocs.RestDocsTestExecutionListener, org.springframework.boot.test.autoconfigure.web.client.MockRestServiceServerResetTestExecutionListener, org.springframework.boot.test.autoconfigure.web.servlet.MockMvcPrintOnlyOnFailureTestExecutionListener, org.springframework.boot.test.autoconfigure.web.servlet.WebDriverTestExecutionListener, org.springframework.boot.test.autoconfigure.webservices.client.MockWebServiceServerTestExecutionListener, org.springframework.boot.test.mock.mockito.MockitoTestExecutionListener, org.springframework.boot.test.mock.mockito.ResetMocksTestExecutionListener, org.springframework.test.context.web.ServletTestExecutionListener, org.springframework.test.context.support.DirtiesContextBeforeModesTestExecutionListener, org.springframework.test.context.support.DependencyInjectionTestExecutionListener, org.springframework.test.context.support.DirtiesContextTestExecutionListener, org.springframework.test.context.transaction.TransactionalTestExecutionListener, org.springframework.test.context.jdbc.SqlScriptsTestExecutionListener, org.springframework.test.context.event.EventPublishingTestExecutionListener]
2023-07-26 03:14:19.904  INFO 4368 --- [    Test worker] .b.t.c.SpringBootTestContextBootstrapper : Using TestExecutionListeners: [org.springframework.test.context.web.ServletTestExecutionListener@57acc96f, org.springframework.test.context.support.DirtiesContextBeforeModesTestExecutionListener@19a663dc, org.springframework.boot.test.mock.mockito.MockitoTestExecutionListener@40fe0362, org.springframework.boot.test.autoconfigure.SpringBootDependencyInjectionTestExecutionListener@3630963, org.springframework.test.context.support.DirtiesContextTestExecutionListener@32b54fd1, org.springframework.test.context.transaction.TransactionalTestExecutionListener@18a762d8, org.springframework.test.context.jdbc.SqlScriptsTestExecutionListener@287297bd, org.springframework.test.context.event.EventPublishingTestExecutionListener@33c1abc1, org.springframework.boot.test.autoconfigure.restdocs.RestDocsTestExecutionListener@2b12b1af, org.springframework.boot.test.autoconfigure.web.client.MockRestServiceServerResetTestExecutionListener@880b7b7, org.springframework.boot.test.autoconfigure.web.servlet.MockMvcPrintOnlyOnFailureTestExecutionListener@34f31665, org.springframework.boot.test.autoconfigure.web.servlet.WebDriverTestExecutionListener@ad22c99, org.springframework.boot.test.autoconfigure.webservices.client.MockWebServiceServerTestExecutionListener@34736ba5, org.springframework.boot.test.mock.mockito.ResetMocksTestExecutionListener@39c34f93]

  .   ____          _            __ _ _
 /\\ / ___'_ __ _ _(_)_ __  __ _ \ \ \ \
( ( )\___ | '_ | '_| | '_ \/ _` | \ \ \ \
 \\/  ___)| |_)| | | | | || (_| |  ) ) ) )
  '  |____| .__|_| |_|_| |_\__, | / / / /
 =========|_|==============|___/=/_/_/_/
 :: Spring Boot ::                (v2.4.1)

2023-07-26 03:14:19.952  INFO 4368 --- [    Test worker] c.a.w.web.IndexControllerTest            : Starting IndexControllerTest using Java 1.8.0_381 on DESKTOP-VNMK92M with PID 4368 (started by Anxi in C:\Users\tjdal\OneDrive\바탕 화면\git\spring-study\study-springboot\webservice-project)
2023-07-26 03:14:19.952  INFO 4368 --- [    Test worker] c.a.w.web.IndexControllerTest            : The following profiles are active: oauth
2023-07-26 03:14:20.179  INFO 4368 --- [    Test worker] .s.d.r.c.RepositoryConfigurationDelegate : Bootstrapping Spring Data JPA repositories in DEFAULT mode.
2023-07-26 03:14:20.207  INFO 4368 --- [    Test worker] .s.d.r.c.RepositoryConfigurationDelegate : Finished Spring Data repository scanning in 27 ms. Found 2 JPA repository interfaces.
2023-07-26 03:14:20.523  INFO 4368 --- [    Test worker] o.s.b.w.embedded.tomcat.TomcatWebServer  : Tomcat initialized with port(s): 0 (http)
2023-07-26 03:14:20.543  INFO 4368 --- [    Test worker] o.apache.catalina.core.StandardService   : Starting service [Tomcat]
2023-07-26 03:14:20.544  INFO 4368 --- [    Test worker] org.apache.catalina.core.StandardEngine  : Starting Servlet engine: [Apache Tomcat/9.0.41]
2023-07-26 03:14:20.680  INFO 4368 --- [    Test worker] o.a.c.c.C.[Tomcat].[localhost].[/]       : Initializing Spring embedded WebApplicationContext
2023-07-26 03:14:20.680  INFO 4368 --- [    Test worker] w.s.c.ServletWebServerApplicationContext : Root WebApplicationContext: initialization completed in 716 ms
2023-07-26 03:14:20.721  INFO 4368 --- [    Test worker] com.zaxxer.hikari.HikariDataSource       : HikariPool-2 - Starting...
2023-07-26 03:14:20.722  INFO 4368 --- [    Test worker] com.zaxxer.hikari.HikariDataSource       : HikariPool-2 - Start completed.
2023-07-26 03:14:20.722  INFO 4368 --- [    Test worker] o.s.b.a.h2.H2ConsoleAutoConfiguration    : H2 console available at '/h2-console'. Database available at 'jdbc:h2:mem:testdb'
2023-07-26 03:14:20.903  INFO 4368 --- [    Test worker] o.hibernate.jpa.internal.util.LogHelper  : HHH000204: Processing PersistenceUnitInfo [name: default]
2023-07-26 03:14:20.912  INFO 4368 --- [    Test worker] org.hibernate.dialect.Dialect            : HHH000400: Using dialect: org.hibernate.dialect.MySQL57Dialect
Hibernate: drop table if exists posts
Hibernate: drop table if exists user
Hibernate: create table posts (id bigint not null auto_increment, created_date datetime(6), modified_date datetime(6), author varchar(255), content TEXT not null, title varchar(500) not null, primary key (id)) engine=InnoDB
Hibernate: create table user (id bigint not null auto_increment, created_date datetime(6), modified_date datetime(6), email varchar(255) not null, name varchar(255) not null, picture varchar(255), role varchar(255) not null, primary key (id)) engine=InnoDB
2023-07-26 03:14:20.964  INFO 4368 --- [    Test worker] o.h.e.t.j.p.i.JtaPlatformInitiator       : HHH000490: Using JtaPlatform implementation: [org.hibernate.engine.transaction.jta.platform.internal.NoJtaPlatform]
2023-07-26 03:14:20.964  INFO 4368 --- [    Test worker] j.LocalContainerEntityManagerFactoryBean : Initialized JPA EntityManagerFactory for persistence unit 'default'
2023-07-26 03:14:21.093  WARN 4368 --- [    Test worker] JpaBaseConfiguration$JpaWebConfiguration : spring.jpa.open-in-view is enabled by default. Therefore, database queries may be performed during view rendering. Explicitly configure spring.jpa.open-in-view to disable this warning
2023-07-26 03:14:21.205  INFO 4368 --- [    Test worker] o.s.s.concurrent.ThreadPoolTaskExecutor  : Initializing ExecutorService 'applicationTaskExecutor'
2023-07-26 03:14:21.245  INFO 4368 --- [    Test worker] o.s.b.a.w.s.WelcomePageHandlerMapping    : Adding welcome page template: index
2023-07-26 03:14:21.551  INFO 4368 --- [    Test worker] o.s.b.w.embedded.tomcat.TomcatWebServer  : Tomcat started on port(s): 49241 (http) with context path ''
2023-07-26 03:14:21.554  INFO 4368 --- [    Test worker] c.a.w.web.IndexControllerTest            : Started IndexControllerTest in 1.646 seconds (JVM running for 9.633)
2023-07-26 03:14:21.693  INFO 4368 --- [o-auto-1-exec-1] o.a.c.c.C.[Tomcat].[localhost].[/]       : Initializing Spring DispatcherServlet 'dispatcherServlet'
2023-07-26 03:14:21.693  INFO 4368 --- [o-auto-1-exec-1] o.s.web.servlet.DispatcherServlet        : Initializing Servlet 'dispatcherServlet'
2023-07-26 03:14:21.694  INFO 4368 --- [o-auto-1-exec-1] o.s.web.servlet.DispatcherServlet        : Completed initialization in 1 ms
Hibernate: select posts0_.id as id1_0_, posts0_.created_date as created_2_0_, posts0_.modified_date as modified3_0_, posts0_.author as author4_0_, posts0_.content as content5_0_, posts0_.title as title6_0_ from posts posts0_ order by posts0_.id DESC
]]></system-out>
  <system-err><![CDATA[]]></system-err>
</testsuite>
