<?xml version="1.0" encoding="UTF-8"?>
<testsuite name="com.anxi.webserviceproject.web.dto.HelloResponseDtoTest" tests="1" skipped="0" failures="0" errors="0" timestamp="2023-07-27T17:05:32" hostname="DESKTOP-VNMK92M" time="0.003">
  <properties/>
  <testcase name="롬복_기능_테스트()" classname="com.anxi.webserviceproject.web.dto.HelloResponseDtoTest" time="0.003"/>
  <system-out><![CDATA[]]></system-out>
  <system-err><![CDATA[]]></system-err>
</testsuite>
